Logging enabled
Formatting issue: Parsing data/softcite_shacl_constraints.ttl 
Missing header: Did not find http://james.howison.name/ontologies/software-citation-coding#software_nameShape
Formatting issue: Parsing data/individuals-jackchristen/jackchristen-PMC5132076.ttl 
Missing Body: Did not find https://www.ncbi.nlm.nih.gov/pmc/articles/PMC5132076_JWC18
Formatting issue: Parsing data/individuals-realrichardparker/realrichardparker-PMC5054038.ttl 
Missing Body: Did not find https://www.ncbi.nlm.nih.gov/pmc/articles/PMC5054038_TZ07
Formatting issue: Parsing data/individuals-mjsong1201/mjsong1201-PMC1747177.ttl 
Missing Body: Did not find https://www.ncbi.nlm.nih.gov/pmc/articles/PMC1747177_MS25
<http://doi.org/10.1111%2Fj.1475-4932.2008.00494.x_JWC03>,"Only one full_quote allowed on in_text_mention. Are there two identically named blocks?"
bioj:a2002-48-TURK_J_ZOOL,"Article missing valid coded_no_in_text_mentions?"
bioj:a2000-04-MOL_ECOL,"Article missing valid coded_no_in_text_mentions?"
bioj:a2007-48-UNDERSEA_HYPERBAR_M,"Article missing valid coded_no_in_text_mentions?"
bioj:a2007-24-SCIENCE,"Article missing valid coded_no_in_text_mentions?"
bioj:a2008-02-WATERBIRDS,"Article missing valid coded_no_in_text_mentions?"
_:ub12312bL67C26,"No_in_text_mentions must be boolean."
bioj:a2008-39-NAT_BIOTECHNOL,"Article missing valid coded_no_in_text_mentions?"
pmcid:PMC5401820,"Article missing valid coded_no_in_text_mentions?"
_:ub12312bL38C26,"No_in_text_mentions must be boolean."
bioj:a2009-35-DEV_CELL,"Article missing valid coded_no_in_text_mentions?"
bioj:a2001-40-MOL_ECOL,"Article missing valid coded_no_in_text_mentions?"
bioj:a2004-40-NAT_GENET,"Article missing valid coded_no_in_text_mentions?"
<http://doi.org/10.1111%2Fj.1475-4932.2008.00494.x_JWC02>,"Only one full_quote allowed on in_text_mention. Are there two identically named blocks?"
pmcid:PMC4602362,"Article missing valid coded_no_in_text_mentions?"
bioj:a2007-41-MOL_THER,"Article missing valid coded_no_in_text_mentions?"
